{
  "stats": {
    "suites": 1,
    "tests": 1,
    "passes": 0,
    "pending": 14,
    "failures": -13,
    "start": "2022-03-14T16:05:01.123Z",
    "end": "2022-03-14T16:05:01.262Z",
    "duration": 139,
    "testsRegistered": 14,
    "passPercent": null,
    "pendingPercent": 100,
    "other": 13,
    "hasOther": true,
    "skipped": 0,
    "hasSkipped": false
  },
  "results": [
    {
      "uuid": "85c97c3a-3f64-456e-b164-b69b54576ec6",
      "title": "",
      "fullFile": "cypress/integration/2-advanced-examples/actions.spec.js",
      "file": "cypress/integration/2-advanced-examples/actions.spec.js",
      "beforeHooks": [],
      "afterHooks": [],
      "tests": [],
      "suites": [
        {
          "uuid": "6851fb24-a277-47ac-b202-f8e45c50f750",
          "title": "Actions",
          "fullFile": "",
          "file": "",
          "beforeHooks": [],
          "afterHooks": [],
          "tests": [
            {
              "title": ".type() - type into a DOM element",
              "fullTitle": "Actions .type() - type into a DOM element",
              "timedOut": null,
              "duration": 0,
              "state": "pending",
              "speed": null,
              "pass": false,
              "fail": false,
              "pending": true,
              "context": null,
              "code": "",
              "err": {},
              "uuid": "92d4c517-6dbe-465a-b50c-9f3b25405f1b",
              "parentUUID": "6851fb24-a277-47ac-b202-f8e45c50f750",
              "isHook": false,
              "skipped": false
            },
            {
              "title": ".focus() - focus on a DOM element",
              "fullTitle": "Actions .focus() - focus on a DOM element",
              "timedOut": null,
              "duration": 0,
              "state": "pending",
              "speed": null,
              "pass": false,
              "fail": false,
              "pending": true,
              "context": null,
              "code": "",
              "err": {},
              "uuid": "eaf07b8c-aabf-4f52-8281-9e9f3f07fcab",
              "parentUUID": "6851fb24-a277-47ac-b202-f8e45c50f750",
              "isHook": false,
              "skipped": false
            },
            {
              "title": ".blur() - blur off a DOM element",
              "fullTitle": "Actions .blur() - blur off a DOM element",
              "timedOut": null,
              "duration": 0,
              "state": "pending",
              "speed": null,
              "pass": false,
              "fail": false,
              "pending": true,
              "context": null,
              "code": "",
              "err": {},
              "uuid": "4a39aecd-749e-479b-a96e-90072a3155b7",
              "parentUUID": "6851fb24-a277-47ac-b202-f8e45c50f750",
              "isHook": false,
              "skipped": false
            },
            {
              "title": ".clear() - clears an input or textarea element",
              "fullTitle": "Actions .clear() - clears an input or textarea element",
              "timedOut": null,
              "duration": 0,
              "state": "pending",
              "speed": null,
              "pass": false,
              "fail": false,
              "pending": true,
              "context": null,
              "code": "",
              "err": {},
              "uuid": "23b4cb16-aa94-4c4c-a1bf-d0536e974b45",
              "parentUUID": "6851fb24-a277-47ac-b202-f8e45c50f750",
              "isHook": false,
              "skipped": false
            },
            {
              "title": ".submit() - submit a form",
              "fullTitle": "Actions .submit() - submit a form",
              "timedOut": null,
              "duration": 0,
              "state": "pending",
              "speed": null,
              "pass": false,
              "fail": false,
              "pending": true,
              "context": null,
              "code": "",
              "err": {},
              "uuid": "b2aadda5-e7b3-40d4-b903-765a88145614",
              "parentUUID": "6851fb24-a277-47ac-b202-f8e45c50f750",
              "isHook": false,
              "skipped": false
            },
            {
              "title": ".click() - click on a DOM element",
              "fullTitle": "Actions .click() - click on a DOM element",
              "timedOut": null,
              "duration": 0,
              "state": "pending",
              "speed": null,
              "pass": false,
              "fail": false,
              "pending": true,
              "context": null,
              "code": "",
              "err": {},
              "uuid": "7dd0fc54-4f95-4e13-ba13-ea881a529eef",
              "parentUUID": "6851fb24-a277-47ac-b202-f8e45c50f750",
              "isHook": false,
              "skipped": false
            },
            {
              "title": ".dblclick() - double click on a DOM element",
              "fullTitle": "Actions .dblclick() - double click on a DOM element",
              "timedOut": null,
              "duration": 0,
              "state": "pending",
              "speed": null,
              "pass": false,
              "fail": false,
              "pending": true,
              "context": null,
              "code": "",
              "err": {},
              "uuid": "1fc0d1d8-1705-41ff-8066-2a2cade406fb",
              "parentUUID": "6851fb24-a277-47ac-b202-f8e45c50f750",
              "isHook": false,
              "skipped": false
            },
            {
              "title": ".rightclick() - right click on a DOM element",
              "fullTitle": "Actions .rightclick() - right click on a DOM element",
              "timedOut": null,
              "duration": 0,
              "state": "pending",
              "speed": null,
              "pass": false,
              "fail": false,
              "pending": true,
              "context": null,
              "code": "",
              "err": {},
              "uuid": "38a80475-ad5e-4108-9a39-e5296f9db317",
              "parentUUID": "6851fb24-a277-47ac-b202-f8e45c50f750",
              "isHook": false,
              "skipped": false
            },
            {
              "title": ".check() - check a checkbox or radio element",
              "fullTitle": "Actions .check() - check a checkbox or radio element",
              "timedOut": null,
              "duration": 0,
              "state": "pending",
              "speed": null,
              "pass": false,
              "fail": false,
              "pending": true,
              "context": null,
              "code": "",
              "err": {},
              "uuid": "b7bab96e-e5b5-4f25-939f-f6b5e77c07bb",
              "parentUUID": "6851fb24-a277-47ac-b202-f8e45c50f750",
              "isHook": false,
              "skipped": false
            },
            {
              "title": ".uncheck() - uncheck a checkbox element",
              "fullTitle": "Actions .uncheck() - uncheck a checkbox element",
              "timedOut": null,
              "duration": 0,
              "state": "pending",
              "speed": null,
              "pass": false,
              "fail": false,
              "pending": true,
              "context": null,
              "code": "",
              "err": {},
              "uuid": "4b0f57cf-51b1-46f5-af5c-2c8ede601986",
              "parentUUID": "6851fb24-a277-47ac-b202-f8e45c50f750",
              "isHook": false,
              "skipped": false
            },
            {
              "title": ".select() - select an option in a <select> element",
              "fullTitle": "Actions .select() - select an option in a <select> element",
              "timedOut": null,
              "duration": 0,
              "state": "pending",
              "speed": null,
              "pass": false,
              "fail": false,
              "pending": true,
              "context": null,
              "code": "",
              "err": {},
              "uuid": "cd19ec9f-37da-453f-8bf9-446afef2b642",
              "parentUUID": "6851fb24-a277-47ac-b202-f8e45c50f750",
              "isHook": false,
              "skipped": false
            },
            {
              "title": ".scrollIntoView() - scroll an element into view",
              "fullTitle": "Actions .scrollIntoView() - scroll an element into view",
              "timedOut": null,
              "duration": 0,
              "state": "pending",
              "speed": null,
              "pass": false,
              "fail": false,
              "pending": true,
              "context": null,
              "code": "",
              "err": {},
              "uuid": "b0f15cc8-a371-4f6e-98e3-75f363bb84c0",
              "parentUUID": "6851fb24-a277-47ac-b202-f8e45c50f750",
              "isHook": false,
              "skipped": false
            },
            {
              "title": ".trigger() - trigger an event on a DOM element",
              "fullTitle": "Actions .trigger() - trigger an event on a DOM element",
              "timedOut": null,
              "duration": 0,
              "state": "pending",
              "speed": null,
              "pass": false,
              "fail": false,
              "pending": true,
              "context": null,
              "code": "",
              "err": {},
              "uuid": "ff3266eb-2163-4ce6-8936-96cf115413cb",
              "parentUUID": "6851fb24-a277-47ac-b202-f8e45c50f750",
              "isHook": false,
              "skipped": false
            },
            {
              "title": "cy.scrollTo() - scroll the window or element to a position",
              "fullTitle": "Actions cy.scrollTo() - scroll the window or element to a position",
              "timedOut": null,
              "duration": 0,
              "state": "pending",
              "speed": null,
              "pass": false,
              "fail": false,
              "pending": true,
              "context": null,
              "code": "",
              "err": {},
              "uuid": "415fbd62-1b54-4f48-a7ab-3b379bf528b6",
              "parentUUID": "6851fb24-a277-47ac-b202-f8e45c50f750",
              "isHook": false,
              "skipped": false
            }
          ],
          "suites": [],
          "passes": [],
          "failures": [],
          "pending": [
            "92d4c517-6dbe-465a-b50c-9f3b25405f1b",
            "eaf07b8c-aabf-4f52-8281-9e9f3f07fcab",
            "4a39aecd-749e-479b-a96e-90072a3155b7",
            "23b4cb16-aa94-4c4c-a1bf-d0536e974b45",
            "b2aadda5-e7b3-40d4-b903-765a88145614",
            "7dd0fc54-4f95-4e13-ba13-ea881a529eef",
            "1fc0d1d8-1705-41ff-8066-2a2cade406fb",
            "38a80475-ad5e-4108-9a39-e5296f9db317",
            "b7bab96e-e5b5-4f25-939f-f6b5e77c07bb",
            "4b0f57cf-51b1-46f5-af5c-2c8ede601986",
            "cd19ec9f-37da-453f-8bf9-446afef2b642",
            "b0f15cc8-a371-4f6e-98e3-75f363bb84c0",
            "ff3266eb-2163-4ce6-8936-96cf115413cb",
            "415fbd62-1b54-4f48-a7ab-3b379bf528b6"
          ],
          "skipped": [],
          "duration": 0,
          "root": false,
          "rootEmpty": false,
          "_timeout": 2000
        }
      ],
      "passes": [],
      "failures": [],
      "pending": [],
      "skipped": [],
      "duration": 0,
      "root": true,
      "rootEmpty": true,
      "_timeout": 2000
    }
  ],
  "meta": {
    "mocha": {
      "version": "7.0.1"
    },
    "mochawesome": {
      "options": {
        "quiet": false,
        "reportFilename": "mochawesome",
        "saveHtml": false,
        "saveJson": true,
        "consoleReporter": "spec",
        "useInlineDiffs": false,
        "code": true
      },
      "version": "7.1.2"
    },
    "marge": {
      "options": {
        "charts": true,
        "overwrite": false,
        "html": false,
        "json": true,
        "reportDir": "cypress/report"
      },
      "version": "6.1.1"
    }
  }
}