{
  "stats": {
    "suites": 1,
    "tests": 3,
    "passes": 0,
    "pending": 0,
    "failures": 3,
    "start": "2022-03-14T16:10:48.584Z",
    "end": "2022-03-14T16:11:24.428Z",
    "duration": 35844,
    "testsRegistered": 3,
    "passPercent": 0,
    "pendingPercent": 0,
    "other": 0,
    "hasOther": false,
    "skipped": 0,
    "hasSkipped": false
  },
  "results": [
    {
      "uuid": "fb94a9f9-3711-406f-a3b9-d1e1ed49261d",
      "title": "",
      "fullFile": "cypress/integration/crud_spec.js",
      "file": "cypress/integration/crud_spec.js",
      "beforeHooks": [],
      "afterHooks": [],
      "tests": [],
      "suites": [
        {
          "uuid": "384a2bda-3dd9-4415-a9e4-365ad57b9532",
          "title": "My First Test",
          "fullFile": "",
          "file": "",
          "beforeHooks": [],
          "afterHooks": [],
          "tests": [
            {
              "title": "Successfully Loads",
              "fullTitle": "My First Test Successfully Loads",
              "timedOut": null,
              "duration": 30585,
              "state": "failed",
              "speed": null,
              "pass": false,
              "fail": true,
              "pending": false,
              "context": null,
              "code": "cy.visit(\"/\");",
              "err": {
                "message": "CypressError: `cy.visit()` failed trying to load:\n\nhttp://localhost:3000/\n\nWe attempted to make an http request to this URL but the request failed without a response.\n\nWe received this error at the network level:\n\n  > Error: ESOCKETTIMEDOUT\n\nCommon situations why this would fail:\n  - you don't have internet access\n  - you forgot to run / boot your web server\n  - your web server isn't accessible\n  - you have weird network configuration settings on your computer",
                "estack": "CypressError: `cy.visit()` failed trying to load:\n\nhttp://localhost:3000/\n\nWe attempted to make an http request to this URL but the request failed without a response.\n\nWe received this error at the network level:\n\n  > Error: ESOCKETTIMEDOUT\n\nCommon situations why this would fail:\n  - you don't have internet access\n  - you forgot to run / boot your web server\n  - your web server isn't accessible\n  - you have weird network configuration settings on your computer\n    at http://localhost:3000/__cypress/runner/cypress_runner.js:159293:82\n    at visitFailedByErr (http://localhost:3000/__cypress/runner/cypress_runner.js:158643:12)\n    at http://localhost:3000/__cypress/runner/cypress_runner.js:159292:11\n    at tryCatcher (http://localhost:3000/__cypress/runner/cypress_runner.js:13022:23)\n    at Promise._settlePromiseFromHandler (http://localhost:3000/__cypress/runner/cypress_runner.js:10957:31)\n    at Promise._settlePromise (http://localhost:3000/__cypress/runner/cypress_runner.js:11014:18)\n    at Promise._settlePromise0 (http://localhost:3000/__cypress/runner/cypress_runner.js:11059:10)\n    at Promise._settlePromises (http://localhost:3000/__cypress/runner/cypress_runner.js:11135:18)\n    at _drainQueueStep (http://localhost:3000/__cypress/runner/cypress_runner.js:7729:12)\n    at _drainQueue (http://localhost:3000/__cypress/runner/cypress_runner.js:7722:9)\n    at Async.../../node_modules/bluebird/js/release/async.js.Async._drainQueues (http://localhost:3000/__cypress/runner/cypress_runner.js:7738:5)\n    at Async.drainQueues (http://localhost:3000/__cypress/runner/cypress_runner.js:7608:14)\nFrom Your Spec Code:\n    at Context.eval (http://localhost:3000/__cypress/tests?p=cypress\\integration\\crud_spec.js:109:8)\n\nFrom Node.js Internals:\n  Error: ESOCKETTIMEDOUT\n      at ClientRequest.<anonymous> (C:\\Users\\GILSON\\AppData\\Local\\Cypress\\Cache\\9.5.1\\Cypress\\resources\\app\\node_modules\\@cypress\\request\\request.js:808:19)\n      at Object.onceWrapper (node:events:513:28)\n      at ClientRequest.emit (node:events:394:28)\n      at Socket.emitRequestTimeout (node:_http_client:761:9)\n      at Object.onceWrapper (node:events:513:28)\n      at Socket.emit (node:events:406:35)\n      at Socket._onTimeout (node:net:486:8)\n      at listOnTimeout (node:internal/timers:557:17)\n      at processTimers (node:internal/timers:500:7)\n  ",
                "diff": null
              },
              "uuid": "8e672293-9168-4d1e-ac90-30dd3996ef79",
              "parentUUID": "384a2bda-3dd9-4415-a9e4-365ad57b9532",
              "isHook": false,
              "skipped": false
            },
            {
              "title": "Post with Form using click()",
              "fullTitle": "My First Test Post with Form using click()",
              "timedOut": null,
              "duration": 4492,
              "state": "failed",
              "speed": null,
              "pass": false,
              "fail": true,
              "pending": false,
              "context": null,
              "code": "cy.get(\"#btnAdd\").click();\ncy.get(\"#name\").clear();\ncy.get(\"#name\").type(\"User\");\ncy.get(\"#lastname\").clear();\ncy.get(\"#lastname\").type(\"Test\");\ncy.get(\"#email\").clear();\ncy.get(\"#email\").type(\"user@email.com\");\ncy.get(\"#phone\").clear();\ncy.get(\"#phone\").type(\"0123456789\");\ncy.get(\"#gender\").select(\"Male\");\ncy.get(\"#date\").clear();\ncy.get(\"#date\").type(\"2007-01-01\");\ncy.fixture(\"testPicture.png\").then(fileContent => {\n  cy.get(\"#file\").attachFile({\n    fileContent: fileContent.toString(),\n    fileName: \"testPicture.png\",\n    mimeType: \"image/png\"\n  });\n});\ncy.get(\"#range\").invoke(\"val\", 3).trigger(\"change\");\ncy.get(\"#radio1\").check();\ncy.get(\"#checkbox1\").check();\ncy.get(\"#btnSubmit\").should(\"not.be.disabled\").click();",
              "err": {
                "message": "AssertionError: Timed out retrying after 4000ms: Expected to find element: `#btnAdd`, but never found it.",
                "estack": "AssertionError: Timed out retrying after 4000ms: Expected to find element: `#btnAdd`, but never found it.\n    at Context.eval (http://localhost:3000/__cypress/tests?p=cypress\\integration\\crud_spec.js:204:10)",
                "diff": null
              },
              "uuid": "4db13aa7-fc9f-4610-bf92-cd57f06185a0",
              "parentUUID": "384a2bda-3dd9-4415-a9e4-365ad57b9532",
              "isHook": false,
              "skipped": false
            },
            {
              "title": "local sotrage",
              "fullTitle": "My First Test local sotrage",
              "timedOut": null,
              "duration": 499,
              "state": "failed",
              "speed": null,
              "pass": false,
              "fail": true,
              "pending": false,
              "context": null,
              "code": "expect(localStorage.getItem(\"contactData\"), \"No se ecnuentra la data\").to.eq({\n  name: \"User\",\n  lastname: \"Test\",\n  email: \"user@email.com\",\n  phone: \"0123456789\",\n  gender: \"Male\",\n  date: \"2007-01-01\"\n});",
              "err": {
                "message": "AssertionError: No se ecnuentra la data: expected null to equal { Object (name, lastname, ...) }",
                "estack": "AssertionError: No se ecnuentra la data: expected null to equal { Object (name, lastname, ...) }\n    at Context.eval (http://localhost:3000/__cypress/tests?p=cypress\\integration\\crud_spec.js:229:81)",
                "diff": null
              },
              "uuid": "ddafdea9-a115-457f-a774-dc18988fb8d9",
              "parentUUID": "384a2bda-3dd9-4415-a9e4-365ad57b9532",
              "isHook": false,
              "skipped": false
            }
          ],
          "suites": [],
          "passes": [],
          "failures": [
            "8e672293-9168-4d1e-ac90-30dd3996ef79",
            "4db13aa7-fc9f-4610-bf92-cd57f06185a0",
            "ddafdea9-a115-457f-a774-dc18988fb8d9"
          ],
          "pending": [],
          "skipped": [],
          "duration": 35576,
          "root": false,
          "rootEmpty": false,
          "_timeout": 2000
        }
      ],
      "passes": [],
      "failures": [],
      "pending": [],
      "skipped": [],
      "duration": 0,
      "root": true,
      "rootEmpty": true,
      "_timeout": 2000
    }
  ],
  "meta": {
    "mocha": {
      "version": "7.0.1"
    },
    "mochawesome": {
      "options": {
        "quiet": false,
        "reportFilename": "mochawesome",
        "saveHtml": false,
        "saveJson": true,
        "consoleReporter": "spec",
        "useInlineDiffs": false,
        "code": true
      },
      "version": "7.1.2"
    },
    "marge": {
      "options": {
        "charts": true,
        "overwrite": false,
        "html": false,
        "json": true,
        "reportDir": "cypress/report"
      },
      "version": "6.1.1"
    }
  }
}